0 info it worked if it ends with ok
1 verbose cli [ 'node', '/usr/local/bin/npm', 'i', 'express', '--save' ]
2 info using npm@1.4.28
3 info using node@v0.10.35
4 verbose readDependencies using package.json deps
5 verbose cache add [ 'express@~4.9.8', null ]
6 verbose cache add name=undefined spec="express@~4.9.8" args=["express@~4.9.8",null]
7 verbose parsed url { protocol: null,
7 verbose parsed url   slashes: null,
7 verbose parsed url   auth: null,
7 verbose parsed url   host: null,
7 verbose parsed url   port: null,
7 verbose parsed url   hostname: null,
7 verbose parsed url   hash: null,
7 verbose parsed url   search: null,
7 verbose parsed url   query: null,
7 verbose parsed url   pathname: 'express@~4.9.8',
7 verbose parsed url   path: 'express@~4.9.8',
7 verbose parsed url   href: 'express@~4.9.8' }
8 verbose cache add name="express" spec="~4.9.8" args=["express","~4.9.8"]
9 verbose parsed url { protocol: null,
9 verbose parsed url   slashes: null,
9 verbose parsed url   auth: null,
9 verbose parsed url   host: null,
9 verbose parsed url   port: null,
9 verbose parsed url   hostname: null,
9 verbose parsed url   hash: null,
9 verbose parsed url   search: null,
9 verbose parsed url   query: null,
9 verbose parsed url   pathname: '~4.9.8',
9 verbose parsed url   path: '~4.9.8',
9 verbose parsed url   href: '~4.9.8' }
10 verbose addNamed [ 'express', '~4.9.8' ]
11 verbose addNamed [ null, '>=4.9.8-0 <4.10.0-0' ]
12 silly lockFile 10a1e6ef-express-4-9-8 express@~4.9.8
13 verbose lock express@~4.9.8 /Users/Fredrick/.npm/10a1e6ef-express-4-9-8.lock
14 silly addNameRange { name: 'express', range: '>=4.9.8-0 <4.10.0-0', hasData: false }
15 verbose request where is /express
16 verbose request registry https://registry.npmjs.org/
17 verbose request id 855f5ff5f35685fe
18 verbose url raw /express
19 verbose url resolving [ 'https://registry.npmjs.org/', './express' ]
20 verbose url resolved https://registry.npmjs.org/express
21 verbose request where is https://registry.npmjs.org/express
22 info trying registry request attempt 1 at 14:26:20
23 verbose etag "CILLVS30QB2FDISDV47HWNIDC"
24 http GET https://registry.npmjs.org/express
25 http 200 https://registry.npmjs.org/express
26 silly registry.get cb [ 200,
26 silly registry.get   { date: 'Fri, 13 Feb 2015 21:26:20 GMT',
26 silly registry.get     server: 'CouchDB/1.5.0 (Erlang OTP/R16B03)',
26 silly registry.get     etag: '"5D5GU0ZTK49768QSF8F2Z07X9"',
26 silly registry.get     'content-type': 'application/json',
26 silly registry.get     'cache-control': 'max-age=60',
26 silly registry.get     'content-length': '469791',
26 silly registry.get     'accept-ranges': 'bytes',
26 silly registry.get     via: '1.1 varnish',
26 silly registry.get     age: '11',
26 silly registry.get     'x-served-by': 'cache-dfw1833-DFW',
26 silly registry.get     'x-cache': 'HIT',
26 silly registry.get     'x-cache-hits': '2',
26 silly registry.get     'x-timer': 'S1423862780.535684,VS0,VE0',
26 silly registry.get     vary: 'Accept',
26 silly registry.get     'keep-alive': 'timeout=10, max=50',
26 silly registry.get     connection: 'Keep-Alive' } ]
27 silly addNameRange number 2 { name: 'express', range: '>=4.9.8-0 <4.10.0-0', hasData: true }
28 silly addNameRange versions [ 'express',
28 silly addNameRange   [ '0.14.0',
28 silly addNameRange     '0.14.1',
28 silly addNameRange     '1.0.0',
28 silly addNameRange     '1.0.1',
28 silly addNameRange     '1.0.2',
28 silly addNameRange     '1.0.3',
28 silly addNameRange     '1.0.4',
28 silly addNameRange     '1.0.5',
28 silly addNameRange     '1.0.6',
28 silly addNameRange     '1.0.7',
28 silly addNameRange     '1.0.8',
28 silly addNameRange     '2.0.0',
28 silly addNameRange     '2.1.0',
28 silly addNameRange     '2.1.1',
28 silly addNameRange     '2.2.0',
28 silly addNameRange     '2.2.1',
28 silly addNameRange     '2.2.2',
28 silly addNameRange     '2.3.0',
28 silly addNameRange     '2.3.1',
28 silly addNameRange     '2.3.2',
28 silly addNameRange     '2.3.3',
28 silly addNameRange     '2.3.4',
28 silly addNameRange     '2.3.5',
28 silly addNameRange     '2.3.6',
28 silly addNameRange     '2.3.7',
28 silly addNameRange     '2.3.8',
28 silly addNameRange     '2.3.9',
28 silly addNameRange     '2.3.10',
28 silly addNameRange     '2.3.11',
28 silly addNameRange     '2.3.12',
28 silly addNameRange     '2.4.0',
28 silly addNameRange     '2.4.1',
28 silly addNameRange     '2.4.2',
28 silly addNameRange     '2.4.3',
28 silly addNameRange     '2.4.4',
28 silly addNameRange     '2.4.5',
28 silly addNameRange     '2.4.6',
28 silly addNameRange     '2.4.7',
28 silly addNameRange     '2.5.0',
28 silly addNameRange     '2.5.1',
28 silly addNameRange     '2.5.2',
28 silly addNameRange     '2.5.3',
28 silly addNameRange     '2.5.4',
28 silly addNameRange     '2.5.5',
28 silly addNameRange     '2.5.6',
28 silly addNameRange     '2.5.7',
28 silly addNameRange     '2.5.8',
28 silly addNameRange     '2.5.9',
28 silly addNameRange     '2.5.10',
28 silly addNameRange     '2.5.11',
28 silly addNameRange     '3.0.0',
28 silly addNameRange     '3.0.1',
28 silly addNameRange     '3.0.2',
28 silly addNameRange     '3.0.3',
28 silly addNameRange     '3.0.4',
28 silly addNameRange     '3.0.5',
28 silly addNameRange     '3.0.6',
28 silly addNameRange     '3.1.0',
28 silly addNameRange     '3.1.1',
28 silly addNameRange     '3.1.2',
28 silly addNameRange     '3.2.0',
28 silly addNameRange     '3.2.1',
28 silly addNameRange     '3.2.2',
28 silly addNameRange     '3.2.3',
28 silly addNameRange     '3.2.4',
28 silly addNameRange     '3.2.5',
28 silly addNameRange     '3.2.6',
28 silly addNameRange     '3.3.0',
28 silly addNameRange     '3.3.1',
28 silly addNameRange     '3.3.2',
28 silly addNameRange     '3.3.3',
28 silly addNameRange     '3.3.4',
28 silly addNameRange     '3.3.5',
28 silly addNameRange     '3.3.6',
28 silly addNameRange     '1.0.0-beta',
28 silly addNameRange     '1.0.0-beta2',
28 silly addNameRange     '1.0.0-rc',
28 silly addNameRange     '1.0.0-rc2',
28 silly addNameRange     '1.0.0-rc3',
28 silly addNameRange     '1.0.0-rc4',
28 silly addNameRange     '2.0.0-beta',
28 silly addNameRange     '2.0.0-beta2',
28 silly addNameRange     '2.0.0-beta3',
28 silly addNameRange     '2.0.0-rc',
28 silly addNameRange     '2.0.0-rc2',
28 silly addNameRange     '2.0.0-rc3',
28 silly addNameRange     '3.0.0-alpha1',
28 silly addNameRange     '3.0.0-alpha2',
28 silly addNameRange     '3.0.0-alpha3',
28 silly addNameRange     '3.0.0-alpha4',
28 silly addNameRange     '3.0.0-alpha5',
28 silly addNameRange     '3.0.0-beta1',
28 silly addNameRange     '3.0.0-beta2',
28 silly addNameRange     '3.0.0-beta3',
28 silly addNameRange     '3.0.0-beta4',
28 silly addNameRange     '3.0.0-beta6',
28 silly addNameRange     '3.0.0-beta7',
28 silly addNameRange     '3.0.0-rc1',
28 silly addNameRange     '3.0.0-rc2',
28 silly addNameRange     '3.0.0-rc3',
28 silly addNameRange     '3.0.0-rc4',
28 silly addNameRange     '3.0.0-rc5',
28 silly addNameRange     '3.3.7',
28 silly addNameRange     '3.3.8',
28 silly addNameRange     '3.4.0',
28 silly addNameRange     '3.4.1',
28 silly addNameRange     '3.4.2',
28 silly addNameRange     '3.4.3',
28 silly addNameRange     '3.4.4',
28 silly addNameRange     '3.4.5',
28 silly addNameRange     '3.4.6',
28 silly addNameRange     '3.4.7',
28 silly addNameRange     '3.4.8',
28 silly addNameRange     '4.0.0-rc1',
28 silly addNameRange     '4.0.0-rc2',
28 silly addNameRange     '3.5.0',
28 silly addNameRange     '4.0.0-rc3',
28 silly addNameRange     '4.0.0-rc4',
28 silly addNameRange     '3.5.1',
28 silly addNameRange     '4.0.0',
28 silly addNameRange     '3.5.2',
28 silly addNameRange     '4.1.0',
28 silly addNameRange     '4.1.1',
28 silly addNameRange     '3.5.3',
28 silly addNameRange     '4.1.2',
28 silly addNameRange     '3.6.0',
28 silly addNameRange     '4.2.0',
28 silly addNameRange     '3.7.0',
28 silly addNameRange     '3.8.0',
28 silly addNameRange     '4.3.0',
28 silly addNameRange     '4.3.1',
28 silly addNameRange     '3.8.1',
28 silly addNameRange     '4.3.2',
28 silly addNameRange     '3.9.0',
28 silly addNameRange     '4.4.0',
28 silly addNameRange     '4.4.1',
28 silly addNameRange     '3.10.0',
28 silly addNameRange     '3.10.1',
28 silly addNameRange     '3.10.2',
28 silly addNameRange     '3.10.3',
28 silly addNameRange     '3.10.4',
28 silly addNameRange     '4.4.2',
28 silly addNameRange     '3.10.5',
28 silly addNameRange     '4.4.3',
28 silly addNameRange     '3.11.0',
28 silly addNameRange     '4.4.4',
28 silly addNameRange     '3.12.0',
28 silly addNameRange     '3.12.1',
28 silly addNameRange     '4.4.5',
28 silly addNameRange     '3.13.0',
28 silly addNameRange     '4.5.0',
28 silly addNameRange     '4.5.1',
28 silly addNameRange     '3.14.0',
28 silly addNameRange     '4.6.0',
28 silly addNameRange     '4.6.1',
28 silly addNameRange     '3.15.0',
28 silly addNameRange     '4.7.0',
28 silly addNameRange     '3.15.1',
28 silly addNameRange     '4.7.1',
28 silly addNameRange     '3.15.2',
28 silly addNameRange     '4.7.2',
28 silly addNameRange     '4.7.3',
28 silly addNameRange     '3.15.3',
28 silly addNameRange     '4.7.4',
28 silly addNameRange     '3.16.0',
28 silly addNameRange     '4.8.0',
28 silly addNameRange     '3.16.1',
28 silly addNameRange     '4.8.1',
28 silly addNameRange     '3.16.2',
28 silly addNameRange     '4.8.2',
28 silly addNameRange     '3.16.3',
28 silly addNameRange     '3.16.4',
28 silly addNameRange     '4.8.3',
28 silly addNameRange     '3.16.5',
28 silly addNameRange     '3.16.6',
28 silly addNameRange     '4.8.4',
28 silly addNameRange     '3.16.7',
28 silly addNameRange     '4.8.5',
28 silly addNameRange     '3.16.8',
28 silly addNameRange     '4.8.6',
28 silly addNameRange     '3.16.9',
28 silly addNameRange     '4.8.7',
28 silly addNameRange     '3.16.10',
28 silly addNameRange     '4.8.8',
28 silly addNameRange     '3.17.0',
28 silly addNameRange     '3.17.1',
28 silly addNameRange     '4.9.0',
28 silly addNameRange     '3.17.2',
28 silly addNameRange     '4.9.1',
28 silly addNameRange     '4.9.2',
28 silly addNameRange     '3.17.3',
28 silly addNameRange     '4.9.3',
28 silly addNameRange     '3.17.4',
28 silly addNameRange     '4.9.4',
28 silly addNameRange     '3.17.5',
28 silly addNameRange     '4.9.5',
28 silly addNameRange     '3.17.6',
28 silly addNameRange     '3.17.7',
28 silly addNameRange     '4.9.6',
28 silly addNameRange     '4.9.7',
28 silly addNameRange     '3.17.8',
28 silly addNameRange     '4.9.8',
28 silly addNameRange     '3.18.0',
28 silly addNameRange     '3.18.1',
28 silly addNameRange     '4.10.0',
28 silly addNameRange     '3.18.2',
28 silly addNameRange     '4.10.1',
28 silly addNameRange     '5.0.0-alpha.1',
28 silly addNameRange     '3.18.3',
28 silly addNameRange     '4.10.2',
28 silly addNameRange     '3.18.4',
28 silly addNameRange     '4.10.3',
28 silly addNameRange     '4.10.4',
28 silly addNameRange     '4.10.5',
28 silly addNameRange     '3.18.5',
28 silly addNameRange     '3.18.6',
28 silly addNameRange     '4.10.6',
28 silly addNameRange     '4.10.7',
28 silly addNameRange     '3.19.0',
28 silly addNameRange     '4.10.8',
28 silly addNameRange     '4.11.0',
28 silly addNameRange     '3.19.1',
28 silly addNameRange     '4.11.1',
28 silly addNameRange     '3.19.2',
28 silly addNameRange     '4.11.2' ] ]
29 verbose addNamed [ 'express', '4.9.8' ]
30 verbose addNamed [ '4.9.8', '4.9.8' ]
31 silly lockFile 3e3a25f6-express-4-9-8 express@4.9.8
32 verbose lock express@4.9.8 /Users/Fredrick/.npm/3e3a25f6-express-4-9-8.lock
33 silly lockFile 2d7fb097-js-org-express-express-4-9-8-tgz https://registry.npmjs.org/express/-/express-4.9.8.tgz
34 verbose lock https://registry.npmjs.org/express/-/express-4.9.8.tgz /Users/Fredrick/.npm/2d7fb097-js-org-express-express-4-9-8-tgz.lock
35 verbose addRemoteTarball [ 'https://registry.npmjs.org/express/-/express-4.9.8.tgz',
35 verbose addRemoteTarball   'f360f596baeabbd0e5223b603d6eb578d9d2d10d' ]
36 info retry fetch attempt 1 at 14:26:21
37 verbose fetch to= /var/folders/72/y66djmkx613crmwyj4fr0pzh0000gn/T/npm-19189-8hYN1DGA/registry.npmjs.org/express/-/express-4.9.8.tgz
38 http GET https://registry.npmjs.org/express/-/express-4.9.8.tgz
39 http 200 https://registry.npmjs.org/express/-/express-4.9.8.tgz
40 silly lockFile 2d7fb097-js-org-express-express-4-9-8-tgz https://registry.npmjs.org/express/-/express-4.9.8.tgz
41 silly lockFile 2d7fb097-js-org-express-express-4-9-8-tgz https://registry.npmjs.org/express/-/express-4.9.8.tgz
42 silly lockFile 3e3a25f6-express-4-9-8 express@4.9.8
43 silly lockFile 3e3a25f6-express-4-9-8 express@4.9.8
44 silly lockFile 10a1e6ef-express-4-9-8 express@~4.9.8
45 silly lockFile 10a1e6ef-express-4-9-8 express@~4.9.8
46 error Error: EACCES, mkdir '/Users/Fredrick/.npm/express/4.9.8'
46 error  { [Error: EACCES, mkdir '/Users/Fredrick/.npm/express/4.9.8']
46 error   errno: 3,
46 error   code: 'EACCES',
46 error   path: '/Users/Fredrick/.npm/express/4.9.8',
46 error   parent: 'song-tag' }
47 error Please try running this command again as root/Administrator.
48 error System Darwin 14.1.0
49 error command "node" "/usr/local/bin/npm" "i" "express" "--save"
50 error cwd /Users/Fredrick/Desktop/devMountain/song-tag
51 error node -v v0.10.35
52 error npm -v 1.4.28
53 error path /Users/Fredrick/.npm/express/4.9.8
54 error code EACCES
55 error errno 3
56 error stack Error: EACCES, mkdir '/Users/Fredrick/.npm/express/4.9.8'
57 verbose exit [ 3, true ]
